<?xml version="1.0" encoding="UTF-8"?>
<!-- Generated by org.testng.reporters.JUnitXMLReporter -->
<testsuite hostname="5CG1265RFB" failures="1" tests="1" name="Test1" time="12.935" errors="0" timestamp="24 Nov 2021 09:16:37 GMT">
  <testcase classname="Academy.E2EProject.ValidateTitle" name="basePageNavigation" time="0.063">
    <failure type="java.lang.AssertionError" message="expected [FEATURED 12345] but found [FEATURED COURSES]">
      <![CDATA[java.lang.AssertionError: expected [FEATURED 12345] but found [FEATURED COURSES]
	at Academy.E2EProject.ValidateTitle.basePageNavigation(ValidateTitle.java:40)
	at java.base/java.util.concurrent.FutureTask.run(FutureTask.java:264)
	at java.base/java.util.concurrent.ThreadPoolExecutor.runWorker(ThreadPoolExecutor.java:1128)
	at java.base/java.util.concurrent.ThreadPoolExecutor$Worker.run(ThreadPoolExecutor.java:628)
	at java.base/java.lang.Thread.run(Thread.java:834)
... Removed 21 stack frames]]>
    </failure>
  </testcase> <!-- basePageNavigation -->
</testsuite> <!-- Test1 -->
